c:\users\sansei\desktop\mythesis\visual studio project\processhooking\win7debug\processhooking.sys
c:\users\sansei\desktop\mythesis\visual studio project\processhooking\processhooking\win7debug\processhooking.inf
c:\users\sansei\desktop\mythesis\visual studio project\processhooking\processhooking\win7debug\vc120.pdb
c:\users\sansei\desktop\mythesis\visual studio project\processhooking\processhooking\win7debug\transferfunction.obj
c:\users\sansei\desktop\mythesis\visual studio project\processhooking\processhooking\win7debug\source.obj
c:\users\sansei\desktop\mythesis\visual studio project\processhooking\win7debug\processhooking.pdb
c:\users\rio\documents\courses\thesis\visual studio project\processhooking\win7debug\processhooking.cer
c:\users\rio\documents\courses\thesis\visual studio project\processhooking\win7debug\processhooking.inf
c:\users\rio\documents\courses\thesis\visual studio project\processhooking\processhooking\win7debug\source.obj
c:\users\rio\documents\courses\thesis\visual studio project\processhooking\processhooking\win7debug\transferfunction.obj
c:\users\rio\documents\courses\thesis\visual studio project\processhooking\processhooking\win7debug\signtool.command.1.tlog
c:\users\rio\documents\courses\thesis\visual studio project\processhooking\processhooking\win7debug\signtool.read.1.tlog
c:\users\rio\documents\courses\thesis\visual studio project\processhooking\processhooking\win7debug\signtool.write.1.tlog
c:\users\rio\documents\courses\thesis\visual studio project\processhooking\processhooking\win7debug\stampinf.command.1.tlog
c:\users\rio\documents\courses\thesis\visual studio project\processhooking\processhooking\win7debug\stampinf.read.1.tlog
c:\users\rio\documents\courses\thesis\visual studio project\processhooking\processhooking\win7debug\stampinf.write.1.tlog
c:\users\rio\documents\courses\thesis\visual studio project\processhooking\processhooking\win7debug\vc120.pdb
c:\users\rio\documents\courses\thesis\visual studio project\processhooking\win7debug\processhooking.pdb
c:\users\rio\documents\courses\thesis\visual studio project\processhooking\win7debug\processhooking.sys
c:\users\rio\documents\courses\thesis\visual studio project\processhooking\processhooking\win7debug\processhooking.tlog\cl.command.1.tlog
c:\users\rio\documents\courses\thesis\visual studio project\processhooking\processhooking\win7debug\processhooking.tlog\cl.read.1.tlog
c:\users\rio\documents\courses\thesis\visual studio project\processhooking\processhooking\win7debug\processhooking.tlog\cl.write.1.tlog
c:\users\rio\documents\courses\thesis\visual studio project\processhooking\processhooking\win7debug\processhooking.tlog\link.command.1.tlog
c:\users\rio\documents\courses\thesis\visual studio project\processhooking\processhooking\win7debug\processhooking.tlog\link.read.1.tlog
c:\users\rio\documents\courses\thesis\visual studio project\processhooking\processhooking\win7debug\processhooking.tlog\link.write.1.tlog
